2022-08-12 14:23:49:2349 [31merror[39m: [31mProduct validation failed: image: Path `image` is required., categoryId: Path `categoryId` is required.[39m
2022-08-12 14:24:27:2427 [31merror[39m: [31mProduct validation failed: categoryId: Cast to ObjectId failed for value "21" (type string) at path "categoryId" because of "BSONTypeError"[39m
2022-08-12 15:50:06:506 [31merror[39m: [31mproducts.save is not a function[39m
2022-08-12 17:37:16:3716 [31merror[39m: [31mParameter "filter" to findOne() must be an object, got 62f62032a228e31a1bb8423e[39m
2022-08-12 17:37:40:3740 [31merror[39m: [31mParameter "filter" to find() must be an object, got 62f62032a228e31a1bb8423e[39m
2022-08-12 20:07:21:721 [31merror[39m: [31mInvalid status code: [ [Object] ][39m
2022-08-13 14:49:03:493 [31merror[39m: [31mThe from address does not match a verified Sender Identity. Mail cannot be sent until this error is resolved. Visit https://sendgrid.com/docs/for-developers/sending-email/sender-identity/ to see the Sender Identity requirements[39m
2022-08-13 14:50:49:5049 [31merror[39m: [31mThe from address does not match a verified Sender Identity. Mail cannot be sent until this error is resolved. Visit https://sendgrid.com/docs/for-developers/sending-email/sender-identity/ to see the Sender Identity requirements[39m
2022-08-13 15:49:28:4928 [31merror[39m: [31mThe from address does not match a verified Sender Identity. Mail cannot be sent until this error is resolved. Visit https://sendgrid.com/docs/for-developers/sending-email/sender-identity/ to see the Sender Identity requirements[39m
2022-08-13 15:52:11:5211 [31merror[39m: [31mThe from address does not match a verified Sender Identity. Mail cannot be sent until this error is resolved. Visit https://sendgrid.com/docs/for-developers/sending-email/sender-identity/ to see the Sender Identity requirements[39m
2022-08-13 15:54:36:5436 [31merror[39m: [31mThe from address does not match a verified Sender Identity. Mail cannot be sent until this error is resolved. Visit https://sendgrid.com/docs/for-developers/sending-email/sender-identity/ to see the Sender Identity requirements[39m
2022-08-15 02:25:37:2537 [31merror[39m: [31mThe from address does not match a verified Sender Identity. Mail cannot be sent until this error is resolved. Visit https://sendgrid.com/docs/for-developers/sending-email/sender-identity/ to see the Sender Identity requirements[39m
2022-08-15 02:27:11:2711 [31merror[39m: [31mCannot read properties of undefined (reading 'userType')[39m
2022-08-15 02:43:40:4340 [31merror[39m: [31mCannot read properties of undefined (reading 'userType')[39m
2022-08-15 02:48:03:483 [31merror[39m: [31mUser has no needed permissions to execute this operation[39m
2022-08-15 02:49:44:4944 [31merror[39m: [31mUser has no needed permissions to execute this operation[39m
2022-08-15 02:50:02:502 [31merror[39m: [31mUser has no needed permissions to execute this operation[39m
2022-08-15 02:50:51:5051 [31merror[39m: [31mUser has no needed permissions to execute this operation[39m
2022-08-15 02:51:34:5134 [31merror[39m: [31mUser has no needed permissions to execute this operation[39m
2022-08-15 02:51:50:5150 [31merror[39m: [31mUser has no needed permissions to execute this operation[39m
2022-08-15 02:54:15:5415 [31merror[39m: [31mCannot read properties of null (reading 'save')[39m
2022-08-15 02:56:07:567 [31merror[39m: [31mUSER is not a constructor[39m
2022-08-15 03:02:22:222 [31merror[39m: [31mThere is user with this email: courier@gmail.com[39m
2022-08-15 03:11:24:1124 [31merror[39m: [31mCannot set headers after they are sent to the client[39m
2022-08-15 03:12:22:1222 [31merror[39m: [31mUnexpected token } in JSON at position 66[39m
2022-08-15 03:15:17:1517 [31merror[39m: [31mUnexpected token } in JSON at position 66[39m
2022-08-15 03:15:20:1520 [31merror[39m: [31mUnexpected token } in JSON at position 66[39m
2022-08-15 03:15:51:1551 [31merror[39m: [31mCannot set headers after they are sent to the client[39m
2022-08-15 03:16:02:162 [31merror[39m: [31mUnexpected token } in JSON at position 66[39m
2022-08-15 03:16:18:1618 [31merror[39m: [31mCannot set headers after they are sent to the client[39m
2022-08-15 03:16:36:1636 [31merror[39m: [31mjwt token yaroqsiz[39m
2022-08-15 15:36:03:363 [31merror[39m: [31mThere is user with this email: courier@gmail.com[39m
2022-08-15 15:51:35:5135 [31merror[39m: [31mNo token available[39m
2022-08-15 15:52:01:521 [31merror[39m: [31mInvalid status code: Auth[39m
2022-08-15 15:56:12:5612 [31merror[39m: [31mCast to Object failed for value "62f95a9a9c20648c3b97fe9c" (type string) at path "$or.0" for model "Product"[39m
2022-08-15 18:20:41:2041 [31merror[39m: [31m$regex has to be a string[39m
2022-08-15 18:45:03:453 [31merror[39m: [31m$regex has to be a string[39m
2022-08-15 18:45:37:4537 [31merror[39m: [31m$regex has to be a string[39m
2022-08-15 19:02:55:255 [31merror[39m: [31m$regex has to be a string[39m
2022-08-15 19:11:41:1141 [31merror[39m: [31m$regex has to be a string[39m
2022-08-16 23:41:27:4127 [31merror[39m: [31mjwt token yaroqsiz[39m
2022-08-16 23:41:46:4146 [31merror[39m: [31mCannot set headers after they are sent to the client[39m
2022-08-16 23:42:45:4245 [31merror[39m: [31mCannot set headers after they are sent to the client[39m
2022-08-16 23:43:01:431 [31merror[39m: [31mCannot read properties of undefined (reading 'path')[39m
2022-08-16 23:43:50:4350 [31merror[39m: [31mCannot read properties of undefined (reading 'path')[39m
2022-08-16 23:44:50:4450 [31merror[39m: [31mCannot read properties of undefined (reading 'path')[39m
2022-08-16 23:47:25:4725 [31merror[39m: [31mCannot read properties of undefined (reading 'path')[39m
2022-08-16 23:48:23:4823 [31merror[39m: [31mCannot read properties of undefined (reading 'file')[39m
2022-08-16 23:53:24:5324 [31merror[39m: [31mNot found with  undefined[39m
2022-08-17 00:02:34:234 [31merror[39m: [31mENOENT: no such file or directory, open 'D:\Zafar\adminJs\images\2022-08-16T19:02:34.859Z-image_2022-08-12_13-30-15.png'[39m
2022-08-17 00:06:15:615 [31merror[39m: [31mENOENT: no such file or directory, open 'D:\Zafar\adminJs\images\2022-08-16T19:06:15.110Z-image_2022-08-12_13-30-15.png'[39m
2022-08-17 00:06:44:644 [31merror[39m: [31mENOENT: no such file or directory, open 'D:\Zafar\adminJs\images\2022-08-16T19:06:44.653Z-image_2022-08-12_13-30-15.png'[39m
2022-08-18 00:37:50:3750 [31merror[39m: [31mENOENT: no such file or directory, open 'D:\Zafar\adminJs\images\2022-08-17T19:37:50.462Z-image_2022-08-12_13-30-15.png'[39m
2022-08-18 00:45:25:4525 [31merror[39m: [31mENOENT: no such file or directory, open 'D:\Zafar\adminJs\images\2022-08-17T19:45:25.802Z-image_2022-08-12_13-30-15.png'[39m
2022-08-18 00:50:32:5032 [31merror[39m: [31mENOENT: no such file or directory, open 'D:\Zafar\adminJs\images\2022-08-17T19:50:32.535Z-image_2022-08-12_13-30-15.png'[39m
2022-08-18 00:51:20:5120 [31merror[39m: [31mENOENT: no such file or directory, open 'D:\Zafar\adminJs\images\2022-08-17T19:51:20.687Z-image_2022-08-12_13-30-15.png'[39m
2022-08-18 00:52:14:5214 [31merror[39m: [31mENOENT: no such file or directory, open 'D:\Zafar\adminJs\images\2022-08-17T19:52:14.523Z-image_2022-08-12_13-30-15.png'[39m
2022-08-18 00:57:00:570 [31merror[39m: [31mENOENT: no such file or directory, open 'D:\Zafar\adminJs\images\2022-08-17T19:57:00.761Z-image_2022-08-12_13-30-15.png'[39m
2022-08-18 01:06:18:618 [31merror[39m: [31mENOENT: no such file or directory, open 'D:\Zafar\adminJs\images\2022-08-17T20:06:18.000Z-image_2022-08-12_13-30-15.png'[39m
2022-08-18 01:09:06:96 [31merror[39m: [31mENOENT: no such file or directory, open 'D:\Zafar\adminJs\images\2022-08-17T20:09:06.475Z-image_2022-08-12_13-30-15.png'[39m
2022-08-18 01:23:56:2356 [31merror[39m: [31mENOENT: no such file or directory, open 'D:\Zafar\adminJs\images\2022-08-17T20:23:56.127Z-image_2022-08-12_13-30-15.png'[39m
2022-08-18 01:30:47:3047 [31merror[39m: [31mENOENT: no such file or directory, open 'D:\Zafar\adminJs\images\2022-08-17T20:30:47.355Z-image_2022-08-12_13-30-15.png'[39m
2022-08-18 01:41:29:4129 [31merror[39m: [31mENOENT: no such file or directory, open 'D:\Zafar\adminJs\images\2022-08-17T20:41:29.469Z-image_2022-08-12_13-30-15.png'[39m
2022-08-18 11:40:32:4032 [31merror[39m: [31mENOENT: no such file or directory, open 'D:\Zafar\adminJs\images\2022-08-18T06:40:32.022Z-photo_2022-08-08_19-29-42.jpg'[39m
2022-08-18 11:44:58:4458 [31merror[39m: [31mENOENT: no such file or directory, open 'D:\Zafar\adminJs\images\2022-08-18T06:44:58.367Z-photo_2022-08-08_19-29-42.jpg'[39m
2022-08-18 11:46:16:4616 [31merror[39m: [31mENOENT: no such file or directory, open 'D:\Zafar\adminJs\images\2022-08-18T06:46:16.931Z-photo_2022-08-08_19-29-42.jpg'[39m
2022-08-18 11:48:19:4819 [31merror[39m: [31mENOENT: no such file or directory, open 'D:\Zafar\adminJs\images\2022-08-18T06:48:19.275Z-2018-10-04T08_39_16.889Z-boat.png'[39m
2022-08-18 11:50:00:500 [31merror[39m: [31mENOENT: no such file or directory, open 'D:\Zafar\adminJs\images\2022-08-18T06:50:00.221Z-2018-10-04T08_39_16.889Z-boat.png'[39m
2022-08-18 11:51:10:5110 [31merror[39m: [31mENOENT: no such file or directory, open 'D:\Zafar\adminJs\images\2022-08-18T06:51:10.304Z-2018-10-04T08_39_16.889Z-boat.png'[39m
2022-08-18 15:16:59:1659 [31merror[39m: [31mENOENT: no such file or directory, open 'D:\Zafar\adminJs\images\2022-08-18T10:16:59.031Z-2018-10-04T08_39_16.889Z-boat.png'[39m
2022-08-21 01:46:35:4635 [31merror[39m: [31mCannot read properties of undefined (reading 'path')[39m
2022-08-21 01:49:51:4951 [31merror[39m: [31mCannot read properties of undefined (reading 'path')[39m
2022-08-21 01:50:05:505 [31merror[39m: [31mCannot read properties of undefined (reading 'path')[39m
2022-08-21 01:51:37:5137 [31merror[39m: [31mCannot read properties of undefined (reading 'path')[39m
2022-08-21 01:52:52:5252 [31merror[39m: [31mCannot read properties of undefined (reading 'path')[39m
2022-08-21 02:02:22:222 [31merror[39m: [31mNo image provided.[39m
2022-08-21 02:02:35:235 [31merror[39m: [31mENOENT: no such file or directory, open 'D:\Zafar\adminJs\images\2022-08-20T21:02:35.300Z-2018-10-04T08_39_16.889Z-boat.png'[39m
2022-08-21 02:03:36:336 [31merror[39m: [31mNo image provided.[39m
2022-08-21 02:06:17:617 [31merror[39m: [31mENOENT: no such file or directory, open 'D:\Zafar\adminJs\images\2022-08-20T21:06:17.265Z-2018-10-04T08_39_16.889Z-boat.png'[39m
2022-08-25 20:24:48:2448 [31merror[39m: [31mENOENT: no such file or directory, open 'D:\Zafar\adminJs\images\2022-08-25T15:24:48.836Z-Screenshot from 2022-08-10 17-14-36.png'[39m
2022-08-25 20:25:10:2510 [31merror[39m: [31mENOENT: no such file or directory, open 'D:\Zafar\adminJs\images\2022-08-25T15:25:10.414Z-Screenshot from 2022-08-10 17-14-36.png'[39m
2022-08-25 20:25:58:2558 [31merror[39m: [31mENOENT: no such file or directory, open 'D:\Zafar\adminJs\images\2022-08-25T15:25:58.852Z-Screenshot from 2022-08-10 17-14-36.png'[39m
2022-08-25 20:42:29:4229 [31merror[39m: [31mValidation failed, entered data is incorrect.[39m
2022-08-25 20:47:39:4739 [31merror[39m: [31mNo token available[39m
2022-08-25 20:48:25:4825 [31merror[39m: [31mNo token available[39m
2022-08-25 20:48:29:4829 [31merror[39m: [31mNo token available[39m
2022-08-25 20:48:32:4832 [31merror[39m: [31mNo token available[39m
2022-08-25 20:48:39:4839 [31merror[39m: [31mValidation failed, entered data is incorrect.[39m
2022-08-25 20:49:06:496 [31merror[39m: [31mNo token available[39m
2022-08-25 20:49:09:499 [31merror[39m: [31mNo token available[39m
2022-08-25 20:49:44:4944 [31merror[39m: [31mNo token available[39m
2022-08-25 20:50:30:5030 [31merror[39m: [31mNo token available[39m
2022-08-25 20:51:28:5128 [31merror[39m: [31mNo token available[39m
2022-08-25 20:52:46:5246 [31merror[39m: [31mNo token available[39m
2022-08-25 20:56:42:5642 [31merror[39m: [31mNo token available[39m
2022-08-25 20:56:46:5646 [31merror[39m: [31mNo token available[39m
2022-08-25 21:29:41:2941 [31merror[39m: [31mNo token available[39m
